  main.cpp
C:\Users\carol\Desktop\UFSCAR\2 semestre\AED I\jogos\Jogo1\Jogo1\main.cpp(71,47): warning C4244: 'argumento': conversão de 'int' para 'T', possível perda de dados
C:\Users\carol\Desktop\UFSCAR\2 semestre\AED I\jogos\Jogo1\Jogo1\main.cpp(71,47): warning C4244:         with
C:\Users\carol\Desktop\UFSCAR\2 semestre\AED I\jogos\Jogo1\Jogo1\main.cpp(71,47): warning C4244:         [
C:\Users\carol\Desktop\UFSCAR\2 semestre\AED I\jogos\Jogo1\Jogo1\main.cpp(71,47): warning C4244:             T=float
C:\Users\carol\Desktop\UFSCAR\2 semestre\AED I\jogos\Jogo1\Jogo1\main.cpp(71,47): warning C4244:         ]
C:\Users\carol\Desktop\UFSCAR\2 semestre\AED I\jogos\Jogo1\Jogo1\main.cpp(72,44): warning C4244: 'argumento': conversão de 'int' para 'T', possível perda de dados
C:\Users\carol\Desktop\UFSCAR\2 semestre\AED I\jogos\Jogo1\Jogo1\main.cpp(72,44): warning C4244:         with
C:\Users\carol\Desktop\UFSCAR\2 semestre\AED I\jogos\Jogo1\Jogo1\main.cpp(72,44): warning C4244:         [
C:\Users\carol\Desktop\UFSCAR\2 semestre\AED I\jogos\Jogo1\Jogo1\main.cpp(72,44): warning C4244:             T=float
C:\Users\carol\Desktop\UFSCAR\2 semestre\AED I\jogos\Jogo1\Jogo1\main.cpp(72,44): warning C4244:         ]
C:\Users\carol\Desktop\UFSCAR\2 semestre\AED I\jogos\Jogo1\Jogo1\main.cpp(74,33): warning C4244: 'argumento': conversão de 'int' para 'float', possível perda de dados
C:\Users\carol\Desktop\UFSCAR\2 semestre\AED I\jogos\Jogo1\Jogo1\main.cpp(76,56): warning C4244: 'argumento': conversão de 'int' para 'float', possível perda de dados
C:\Users\carol\Desktop\UFSCAR\2 semestre\AED I\jogos\Jogo1\Jogo1\main.cpp(76,32): warning C4244: 'argumento': conversão de 'double' para 'float', possível perda de dados
C:\Users\carol\Desktop\UFSCAR\2 semestre\AED I\jogos\Jogo1\Jogo1\main.cpp(94,69): warning C4244: 'argumento': conversão de 'int' para 'T', possível perda de dados
C:\Users\carol\Desktop\UFSCAR\2 semestre\AED I\jogos\Jogo1\Jogo1\main.cpp(94,69): warning C4244:         with
C:\Users\carol\Desktop\UFSCAR\2 semestre\AED I\jogos\Jogo1\Jogo1\main.cpp(94,69): warning C4244:         [
C:\Users\carol\Desktop\UFSCAR\2 semestre\AED I\jogos\Jogo1\Jogo1\main.cpp(94,69): warning C4244:             T=float
C:\Users\carol\Desktop\UFSCAR\2 semestre\AED I\jogos\Jogo1\Jogo1\main.cpp(94,69): warning C4244:         ]
C:\Users\carol\Desktop\UFSCAR\2 semestre\AED I\jogos\Jogo1\Jogo1\main.cpp(96,67): warning C4244: 'argumento': conversão de 'int' para 'float', possível perda de dados
C:\Users\carol\Desktop\UFSCAR\2 semestre\AED I\jogos\Jogo1\Jogo1\main.cpp(106,60): warning C4244: 'argumento': conversão de 'int' para 'T', possível perda de dados
C:\Users\carol\Desktop\UFSCAR\2 semestre\AED I\jogos\Jogo1\Jogo1\main.cpp(106,60): warning C4244:         with
C:\Users\carol\Desktop\UFSCAR\2 semestre\AED I\jogos\Jogo1\Jogo1\main.cpp(106,60): warning C4244:         [
C:\Users\carol\Desktop\UFSCAR\2 semestre\AED I\jogos\Jogo1\Jogo1\main.cpp(106,60): warning C4244:             T=float
C:\Users\carol\Desktop\UFSCAR\2 semestre\AED I\jogos\Jogo1\Jogo1\main.cpp(106,60): warning C4244:         ]
C:\Users\carol\Desktop\UFSCAR\2 semestre\AED I\jogos\Jogo1\Jogo1\main.cpp(154,31): warning C4244: 'argumento': conversão de 'float' para 'int', possível perda de dados
C:\Users\carol\Desktop\UFSCAR\2 semestre\AED I\jogos\Jogo1\Jogo1\main.cpp(155,31): warning C4244: 'argumento': conversão de 'float' para 'int', possível perda de dados
C:\Users\carol\Desktop\UFSCAR\2 semestre\AED I\jogos\Jogo1\Jogo1\main.cpp(156,31): warning C4244: 'argumento': conversão de 'float' para 'int', possível perda de dados
C:\Users\carol\Desktop\UFSCAR\2 semestre\AED I\jogos\Jogo1\Jogo1\main.cpp(173,35): warning C4244: 'argumento': conversão de 'float' para 'int', possível perda de dados
C:\Users\carol\Desktop\UFSCAR\2 semestre\AED I\jogos\Jogo1\Jogo1\main.cpp(173,21): warning C4244: 'argumento': conversão de 'float' para 'int', possível perda de dados
C:\Users\carol\Desktop\UFSCAR\2 semestre\AED I\jogos\Jogo1\Jogo1\main.cpp(172,35): warning C4244: 'argumento': conversão de 'float' para 'int', possível perda de dados
C:\Users\carol\Desktop\UFSCAR\2 semestre\AED I\jogos\Jogo1\Jogo1\main.cpp(172,21): warning C4244: 'argumento': conversão de 'float' para 'int', possível perda de dados
C:\Users\carol\Desktop\UFSCAR\2 semestre\AED I\jogos\Jogo1\Jogo1\main.cpp(171,35): warning C4244: 'argumento': conversão de 'float' para 'int', possível perda de dados
C:\Users\carol\Desktop\UFSCAR\2 semestre\AED I\jogos\Jogo1\Jogo1\main.cpp(171,21): warning C4244: 'argumento': conversão de 'float' para 'int', possível perda de dados
  Jogo1.vcxproj -> C:\Users\carol\Desktop\UFSCAR\2 semestre\AED I\jogos\Jogo1\x64\Debug\Jogo1.exe
